<?xml version="1.0" encoding="UTF-8"?>
<testng-results ignored="0" total="1" passed="1" failed="0" skipped="0">
  <reporter-output>
  </reporter-output>
  <suite started-at="2023-12-12T15:16:51 IST" name="Default suite" finished-at="2023-12-12T15:17:11 IST" duration-ms="19773">
    <groups>
    </groups>
    <test started-at="2023-12-12T15:16:51 IST" name="Default test" finished-at="2023-12-12T15:17:11 IST" duration-ms="19773">
      <class name="general.Test1">
        <test-method is-config="true" signature="setUp()[pri:0, instance:general.Test1@36ebc363]" started-at="2023-12-12T15:16:51 IST" name="setUp" finished-at="2023-12-12T15:16:58 IST" duration-ms="6894" status="PASS">
          <reporter-output>
          </reporter-output>
        </test-method> <!-- setUp -->
        <test-method signature="testUntitledTestCase()[pri:0, instance:general.Test1@36ebc363]" started-at="2023-12-12T15:16:58 IST" name="testUntitledTestCase" finished-at="2023-12-12T15:17:10 IST" duration-ms="12415" status="PASS">
          <reporter-output>
          </reporter-output>
        </test-method> <!-- testUntitledTestCase -->
        <test-method is-config="true" signature="tearDown()[pri:0, instance:general.Test1@36ebc363]" started-at="2023-12-12T15:17:10 IST" name="tearDown" finished-at="2023-12-12T15:17:11 IST" duration-ms="374" status="PASS">
          <reporter-output>
          </reporter-output>
        </test-method> <!-- tearDown -->
      </class> <!-- general.Test1 -->
    </test> <!-- Default test -->
  </suite> <!-- Default suite -->
</testng-results>
