<?xml version="1.0" encoding="UTF-8"?>
<!-- Generated by org.testng.reporters.JUnitXMLReporter -->
<testsuite ignored="0" hostname="Lipun" failures="0" tests="8" name="Test" time="0.16" errors="0" timestamp="2023-12-10T00:44:42 IST">
  <testcase classname="test.Dependency" name="test2" time="0.027"/>
  <testcase classname="test.Dependency" name="test3" time="0.003"/>
  <testcase classname="test.Dependency" name="test8" time="0.004"/>
  <testcase classname="test.Dependency" name="test1" time="0.005"/>
  <testcase classname="test.Dependency" name="test5" time="0.002"/>
  <testcase classname="test.Dependency" name="test6" time="0.005"/>
  <testcase classname="test.Dependency" name="test7" time="0.004"/>
  <testcase classname="test.Dependency" name="test4" time="0.003"/>
</testsuite> <!-- Test -->
